#
# There is insufficient memory for the Java Runtime Environment to continue.
# Native memory allocation (malloc) failed to allocate 1048576 bytes for AllocateHeap
# Possible reasons:
#   The system is out of physical RAM or swap space
#   The process is running with CompressedOops enabled, and the Java Heap may be blocking the growth of the native heap
# Possible solutions:
#   Reduce memory load on the system
#   Increase physical memory or swap space
#   Check if swap backing store is full
#   Decrease Java heap size (-Xmx/-Xms)
#   Decrease number of Java threads
#   Decrease Java thread stack sizes (-Xss)
#   Set larger code cache with -XX:ReservedCodeCacheSize=
#   JVM is running with Zero Based Compressed Oops mode in which the Java heap is
#     placed in the first 32GB address space. The Java Heap base address is the
#     maximum limit for the native heap growth. Please use -XX:HeapBaseMinAddress
#     to set the Java Heap base and to place the Java Heap above 32GB virtual address.
# This output file may be truncated or incomplete.
#
#  Out of Memory Error (memory/allocation.inline.hpp:61), pid=26680, tid=0x0000000000006860
#
# JRE version:  (8.0_211-b12) (build )
# Java VM: Java HotSpot(TM) 64-Bit Server VM (25.211-b12 mixed mode windows-amd64 compressed oops)
# Failed to write core dump. Minidumps are not enabled by default on client versions of Windows
#

---------------  T H R E A D  ---------------

Current thread (0x000000000276e000):  JavaThread "Unknown thread" [_thread_in_vm, id=26720, stack(0x00000000028f0000,0x00000000029f0000)]

Stack: [0x00000000028f0000,0x00000000029f0000]
[error occurred during error reporting (printing stack bounds), id 0xc0000005]

Native frames: (J=compiled Java code, j=interpreted, Vv=VM code, C=native code)


---------------  P R O C E S S  ---------------

Java Threads: ( => current thread )

Other Threads:

=>0x000000000276e000 (exited) JavaThread "Unknown thread" [_thread_in_vm, id=26720, stack(0x00000000028f0000,0x00000000029f0000)]

VM state:not at safepoint (normal execution)

VM Mutex/Monitor currently owned by a thread: None

heap address: 0x00000006c0600000, size: 4090 MB, Compressed Oops mode: Zero based, Oop shift amount: 3
Narrow klass base: 0x0000000000000000, Narrow klass shift: 3
Compressed class space size: 1073741824 Address: 0x00000007c0000000

Heap:
 PSYoungGen      total 76288K, used 1310K [0x000000076ad00000, 0x0000000770200000, 0x00000007c0000000)
  eden space 65536K, 2% used [0x000000076ad00000,0x000000076ae47af0,0x000000076ed00000)
  from space 10752K, 0% used [0x000000076f780000,0x000000076f780000,0x0000000770200000)
  to   space 10752K, 0% used [0x000000076ed00000,0x000000076ed00000,0x000000076f780000)
 ParOldGen       total 175104K, used 0K [0x00000006c0600000, 0x00000006cb100000, 0x000000076ad00000)
  object space 175104K, 0% used [0x00000006c0600000,0x00000006c0600000,0x00000006cb100000)
 Metaspace       used 751K, capacity 4480K, committed 4480K, reserved 1056768K
  class space    used 76K, capacity 384K, committed 384K, reserved 1048576K

Card table byte_map: [0x0000000011eb0000,0x00000000126b0000] byte_map_base: 0x000000000e8ad000

Marking Bits: (ParMarkBitMap*) 0x00000000740e5ce0
 Begin Bits: [0x0000000013410000, 0x00000000173f8000)
 End Bits:   [0x00000000173f8000, 0x000000001b3e0000)

Polling page: 0x0000000000db0000

CodeCache: size=245760Kb used=327Kb max_used=327Kb free=245432Kb
 bounds [0x0000000002af0000, 0x0000000002d60000, 0x0000000011af0000]
 total_blobs=57 nmethods=0 adapters=38
 compilation: enabled

Compilation events (0 events):
No events

GC Heap History (0 events):
No events

Deoptimization events (0 events):
No events

Classes redefined (0 events):
No events

Internal exceptions (0 events):
No events

Events (10 events):
Event: 0.031 loading class java/lang/Short
Event: 0.031 loading class java/lang/Short done
Event: 0.031 loading class java/lang/Integer
Event: 0.031 loading class java/lang/Integer done
Event: 0.031 loading class java/lang/Long
Event: 0.031 loading class java/lang/Long done
Event: 0.031 loading class java/lang/NullPointerException
Event: 0.031 loading class java/lang/NullPointerException done
Event: 0.031 loading class java/lang/ArithmeticException
Event: 0.031 loading class java/lang/ArithmeticException done


Dynamic libraries:
0x00007ff637530000 - 0x00007ff637567000 	C:\Program Files\Java\jre1.8.0_211\bin\javaw.exe
0x00007ffbd1690000 - 0x00007ffbd1871000 	C:\WINDOWS\SYSTEM32\ntdll.dll
0x00007ffbcecb0000 - 0x00007ffbced61000 	C:\WINDOWS\System32\KERNEL32.DLL
0x00007ffbcdbf0000 - 0x00007ffbcde63000 	C:\WINDOWS\System32\KERNELBASE.dll
0x00007ffbd15b0000 - 0x00007ffbd1651000 	C:\WINDOWS\System32\ADVAPI32.dll
0x00007ffbcf860000 - 0x00007ffbcf8fe000 	C:\WINDOWS\System32\msvcrt.dll
0x00007ffbd13f0000 - 0x00007ffbd144b000 	C:\WINDOWS\System32\sechost.dll
0x00007ffbcf110000 - 0x00007ffbcf234000 	C:\WINDOWS\System32\RPCRT4.dll
0x00007ffbcee00000 - 0x00007ffbcef90000 	C:\WINDOWS\System32\USER32.dll
0x00007ffbceaf0000 - 0x00007ffbceb10000 	C:\WINDOWS\System32\win32u.dll
0x00007ffbcedd0000 - 0x00007ffbcedf8000 	C:\WINDOWS\System32\GDI32.dll
0x00007ffbcda50000 - 0x00007ffbcdbe1000 	C:\WINDOWS\System32\gdi32full.dll
0x00007ffbcdf40000 - 0x00007ffbcdfdf000 	C:\WINDOWS\System32\msvcp_win.dll
0x00007ffbce990000 - 0x00007ffbcea88000 	C:\WINDOWS\System32\ucrtbase.dll
0x00007ffbc1000000 - 0x00007ffbc1269000 	C:\WINDOWS\WinSxS\amd64_microsoft.windows.common-controls_6595b64144ccf1df_6.0.17134.1304_none_d3fbe61b7c93d9f0\COMCTL32.dll
0x00007ffbd0f40000 - 0x00007ffbd1261000 	C:\WINDOWS\System32\combase.dll
0x00007ffbcde70000 - 0x00007ffbcdee9000 	C:\WINDOWS\System32\bcryptPrimitives.dll
0x00007ffbcf920000 - 0x00007ffbcf94d000 	C:\WINDOWS\System32\IMM32.DLL
0x00000000737e0000 - 0x00000000738b2000 	C:\Program Files\Java\jre1.8.0_211\bin\msvcr100.dll
0x00000000738c0000 - 0x0000000074165000 	C:\Program Files\Java\jre1.8.0_211\bin\server\jvm.dll
0x00007ffbcf910000 - 0x00007ffbcf918000 	C:\WINDOWS\System32\PSAPI.DLL
0x00007ffbc82b0000 - 0x00007ffbc82b9000 	C:\WINDOWS\SYSTEM32\WSOCK32.dll
0x00007ffbc55d0000 - 0x00007ffbc55f3000 	C:\WINDOWS\SYSTEM32\WINMM.dll
0x00007ffbd1540000 - 0x00007ffbd15ac000 	C:\WINDOWS\System32\WS2_32.dll
0x00007ffbc55a0000 - 0x00007ffbc55ca000 	C:\WINDOWS\SYSTEM32\WINMMBASE.dll
0x00007ffbcdef0000 - 0x00007ffbcdf39000 	C:\WINDOWS\System32\cfgmgr32.dll
0x00007ffbc9e20000 - 0x00007ffbc9e2a000 	C:\WINDOWS\SYSTEM32\VERSION.dll
0x00007ffbc8060000 - 0x00007ffbc806f000 	C:\Program Files\Java\jre1.8.0_211\bin\verify.dll
0x00007ffbb3f20000 - 0x00007ffbb3f49000 	C:\Program Files\Java\jre1.8.0_211\bin\java.dll
0x00007ffbc31a0000 - 0x00007ffbc31b6000 	C:\Program Files\Java\jre1.8.0_211\bin\zip.dll

VM Arguments:
jvm_args: -Dfile.encoding=Cp1252 
java_command: CAI1
java_class_path (initial): F:\Development\Repository\To_Assignment3\To_problem1\bin
Launcher Type: SUN_STANDARD

Environment Variables:
PATH=C:/Program Files/Java/jre1.8.0_211/bin/server;C:/Program Files/Java/jre1.8.0_211/bin;C:/Program Files/Java/jre1.8.0_211/lib/amd64;C:\Program Files (x86)\Common Files\Oracle\Java\javapath;C:\Program Files (x86)\Razer Chroma SDK\bin;C:\Program Files\Razer Chroma SDK\bin;C:\ProgramData\Oracle\Java\javapath;C:\WINDOWS\system32;C:\WINDOWS;C:\WINDOWS\System32\Wbem;C:\WINDOWS\System32\WindowsPowerShell\v1.0\;C:\Program Files (x86)\NVIDIA Corporation\PhysX\Common;C:\Users\N15004088\AppData\Local\Microsoft\WindowsApps;C:\WINDOWS\system32;C:\WINDOWS;C:\WINDOWS\System32\Wbem;C:\WINDOWS\System32\WindowsPowerShell\v1.0\;C:\WINDOWS\System32\OpenSSH\;C:\Program Files\NVIDIA Corporation\NVIDIA NvDLISR;F:\Development\jdk-13.0.2\bin;F:\Development\Git\cmd;C:\Users\N15004088\AppData\Local\Microsoft\WindowsApps;;C:\WINDOWS\system32;
USERNAME=N15004088
OS=Windows_NT
PROCESSOR_IDENTIFIER=AMD64 Family 21 Model 2 Stepping 0, AuthenticAMD



---------------  S Y S T E M  ---------------

OS: Windows 10.0 , 64 bit Build 17134 (10.0.17134.753)

CPU:total 8 (initial active 8) (8 cores per cpu, 1 threads per core) family 21 model 2 stepping 0, cmov, cx8, fxsr, mmx, sse, sse2, sse3, ssse3, sse4.1, sse4.2, popcnt, avx, aes, clmul, mmxext, 3dnowpref, lzcnt, sse4a, tsc, tscinvbit, tscinv, bmi1

Memory: 4k page, physical 16748916k(8467388k free), swap 34017820k(5324k free)

vm_info: Java HotSpot(TM) 64-Bit Server VM (25.211-b12) for windows-amd64 JRE (1.8.0_211-b12), built on Apr  1 2019 20:53:26 by "java_re" with MS VC++ 10.0 (VS2010)

time: Sun Feb 23 18:45:21 2020
timezone: Eastern Standard Time
elapsed time: 0 seconds (0d 0h 0m 0s)

